<?xml version="1.0" encoding="UTF-8"?><testsuite errors="2" failures="0" name="Formulario Popup Validation" skipped="1" tests="3" time="74.84" timestamp="2020-05-21T10:33:26.433-05:00[America/Bogota]"><testcase name="Diligenciamiento exitoso del formulario Popup Validation,no se"><error message="The following error occurred: element click intercepted: Element &lt;input class=&quot;validate[required,equals[pass1]] form-control&quot; type=&quot;password&quot; name=&quot;pass2&quot; id=&quot;pass2&quot;&gt; is not clickable at point (636, 17). Other element would receive the click: &lt;div class=&quot;form-group&quot;&gt;...&lt;/div&gt;&#10;  (Session info: chrome=81.0.4044.138)&#10;Build info: version: '3.5.2', revision: '10229a9', time: '2017-08-21T17:29:55.15Z'&#10;System info: host: 'JONHDOGG', ip: '192.168.0.10', os.name: 'Windows 10', os.arch: 'amd64', os.version: '10.0', java.version: '1.8.0_144'&#10;Driver info: org.openqa.selenium.remote.RemoteWebDriver&#10;Capabilities [{networkConnectionEnabled=false, chrome={chromedriverVersion=81.0.4044.138 (8c6c7ba89cc9453625af54f11fd83179e23450fa-refs/branch-heads/4044@{#999}), userDataDir=C:\Users\Asus-PC\AppData\Local\Temp\scoped_dir18640_1011482070}, timeouts={implicit=0, pageLoad=300000, script=30000}, pageLoadStrategy=normal, unhandledPromptBehavior=dismiss and notify, strictFileInteractability=false, platform=ANY, proxy=Proxy(), goog:chromeOptions={debuggerAddress=localhost:62483}, acceptInsecureCerts=false, browserVersion=81.0.4044.138, browserName=chrome, javascriptEnabled=true, platformName=windows, setWindowRect=true, webauthn:virtualAuthenticators=true}]&#10;Session ID: c58116c0966e26ae86f7647c75e606f9&#10;Build info: version: '3.5.2', revision: '10229a9', time: '2017-08-21T17:29:55.15Z'&#10;System info: host: 'JONHDOGG', ip: '192.168.0.10', os.name: 'Windows 10', os.arch: 'amd64', os.version: '10.0', java.version: '1.8.0_144'&#10;Driver info: driver.version: unknown" type="org.openqa.selenium.WebDriverException">The following error occurred: element click intercepted: Element &lt;input class="validate[required,equals[pass1]] form-control" type="password" name="pass2" id="pass2"&gt; is not clickable at point (636, 17). Other element would receive the click: &lt;div class="form-group"&gt;...&lt;/div&gt;
  (Session info: chrome=81.0.4044.138)
Build info: version: '3.5.2', revision: '10229a9', time: '2017-08-21T17:29:55.15Z'
System info: host: 'JONHDOGG', ip: '192.168.0.10', os.name: 'Windows 10', os.arch: 'amd64', os.version: '10.0', java.version: '1.8.0_144'
Driver info: org.openqa.selenium.remote.RemoteWebDriver
Capabilities [{networkConnectionEnabled=false, chrome={chromedriverVersion=81.0.4044.138 (8c6c7ba89cc9453625af54f11fd83179e23450fa-refs/branch-heads/4044@{#999}), userDataDir=C:\Users\Asus-PC\AppData\Local\Temp\scoped_dir18640_1011482070}, timeouts={implicit=0, pageLoad=300000, script=30000}, pageLoadStrategy=normal, unhandledPromptBehavior=dismiss and notify, strictFileInteractability=false, platform=ANY, proxy=Proxy(), goog:chromeOptions={debuggerAddress=localhost:62483}, acceptInsecureCerts=false, browserVersion=81.0.4044.138, browserName=chrome, javascriptEnabled=true, platformName=windows, setWindowRect=true, webauthn:virtualAuthenticators=true}]
Session ID: c58116c0966e26ae86f7647c75e606f9
Build info: version: '3.5.2', revision: '10229a9', time: '2017-08-21T17:29:55.15Z'
System info: host: 'JONHDOGG', ip: '192.168.0.10', os.name: 'Windows 10', os.arch: 'amd64', os.version: '10.0', java.version: '1.8.0_144'
Driver info: driver.version: unknown</error><system-err>The following error occurred: element click intercepted: Element &lt;input class="validate[required,equals[pass1]] form-control" type="password" name="pass2" id="pass2"&gt; is not clickable at point (636, 17). Other element would receive the click: &lt;div class="form-group"&gt;...&lt;/div&gt;
  (Session info: chrome=81.0.4044.138)
Build info: version: '3.5.2', revision: '10229a9', time: '2017-08-21T17:29:55.15Z'
System info: host: 'JONHDOGG', ip: '192.168.0.10', os.name: 'Windows 10', os.arch: 'amd64', os.version: '10.0', java.version: '1.8.0_144'
Driver info: org.openqa.selenium.remote.RemoteWebDriver
Capabilities [{networkConnectionEnabled=false, chrome={chromedriverVersion=81.0.4044.138 (8c6c7ba89cc9453625af54f11fd83179e23450fa-refs/branch-heads/4044@{#999}), userDataDir=C:\Users\Asus-PC\AppData\Local\Temp\scoped_dir18640_1011482070}, timeouts={implicit=0, pageLoad=300000, script=30000}, pageLoadStrategy=normal, unhandledPromptBehavior=dismiss and notify, strictFileInteractability=false, platform=ANY, proxy=Proxy(), goog:chromeOptions={debuggerAddress=localhost:62483}, acceptInsecureCerts=false, browserVersion=81.0.4044.138, browserName=chrome, javascriptEnabled=true, platformName=windows, setWindowRect=true, webauthn:virtualAuthenticators=true}]
Session ID: c58116c0966e26ae86f7647c75e606f9
Build info: version: '3.5.2', revision: '10229a9', time: '2017-08-21T17:29:55.15Z'
System info: host: 'JONHDOGG', ip: '192.168.0.10', os.name: 'Windows 10', os.arch: 'amd64', os.version: '10.0', java.version: '1.8.0_144'
Driver info: driver.version: unknown&#13;
com.choucair.formacion.pageobjects.ColorlibFormValidationPage.confirm_password(ColorlibFormValidationPage.java:102)&#13;
com.choucair.formacion.steps.ColorlibFormValidationSteps.diligenciar_popup_datos_tabla(ColorlibFormValidationSteps.java:22)&#13;
com.choucair.formacion.definition.PopupValidationDefinition.diligencio_formulario_popup_validation(PopupValidationDefinition.java:46)&#13;
org.eclipse.jdt.internal.junit4.runner.JUnit4TestReference.run(JUnit4TestReference.java:86)&#13;
org.eclipse.jdt.internal.junit.runner.TestExecution.run(TestExecution.java:38)&#13;
org.eclipse.jdt.internal.junit.runner.RemoteTestRunner.runTests(RemoteTestRunner.java:459)&#13;
org.eclipse.jdt.internal.junit.runner.RemoteTestRunner.runTests(RemoteTestRunner.java:678)&#13;
org.eclipse.jdt.internal.junit.runner.RemoteTestRunner.run(RemoteTestRunner.java:382)&#13;
org.eclipse.jdt.internal.junit.runner.RemoteTestRunner.main(RemoteTestRunner.java:192)&#13;
</system-err></testcase><testcase name="Diligenciamiento con errores del formulario Popup Validation,"><skipped/></testcase><testcase name="Diligenciamiento de formulario block validation,"><error type="java.lang.NullPointerException"/><system-err>null&#13;
com.choucair.formacion.steps.ColorlibFormBlockValidationSteps.diligencio_Form_Block_Validation(ColorlibFormBlockValidationSteps.java:16)&#13;
com.choucair.formacion.definition.PopupValidationDefinition.diligencio_formulario_block_form_Validation(PopupValidationDefinition.java:64)&#13;
âœ½.When Diligencio Formulario Block validation(Forms/PopupValidation.feature:51)&#13;
</system-err></testcase></testsuite>